0       0       0       0       0       0       0       
1       37261   0       504     1189    16      0       
2       29673   0       392     841     5       0       
3       55909   0       757     1854    2       0       
4       34261   0       478     1340    4       0       
5       25197   0       345     975     3       0       
6       35319   0       520     2100    0       0       
7       7421    0       43      203     0       0       
8       4394    0       0       79      0       0       
9       4609    0       9       99      0       0       
10      4006    0       0       65      0       0       
11      4290    0       0       79      0       0       
12      4416    0       0       80      0       0       
13      4347    0       0       76      0       0       
14      3944    0       0       68      0       0       
15      4611    0       9       99      0       0       
16      4385    0       0       79      0       0       
17      3028    0       0       20      0       0       
18      6733    0       67      355     4       0       
19      1175    0       0       0       0       0       
20      1175    0       0       0       0       0       
21      1170    0       0       0       0       0       
22      4686    0       55      188     0       0       
23      3775    0       30      80      4       0       
24      5067    0       55      42      0       0       
25      111225  0       1109    4304    6       0       
26      6576    0       56      264     0       0       
27      2606    0       2       2       2       0       
28      50442   0       574     1494    3       0       
29      95743   0       929     3642    1       0       
30      38508   0       822     3159    42      0       
31      60863   0       1404    3330    313     0       
32      74949   0       1629    3620    270     0       
33      99687   0       1942    4534    229     0       
34      92693   0       1482    3104    16      0       
35      109830  0       1776    5269    1       0       
36      164428  0       2191    6362    14      0       
37      96457   0       1326    5155    6       0       
38      51367   0       762     1904    1       0       
39      70626   0       1033    2885    8       0       
40      122888  0       1955    5358    26      0       
41      151551  0       2235    5959    5       0       
42      148243  0       2031    7157    14      0       
43      65080   0       1153    2696    2       0       
44      54297   0       898     2122    2       0       
45      36104   0       538     1314    1       0       
46      43960   0       625     1639    8       0       
47      88146   0       1197    3390    4       0       
48      50764   0       918     2018    22      0       
49      67528   0       1563    3419    210     0       
50      74036   0       1434    4384    264     0       
51      42547   0       987     2620    259     0       
52      72046   0       1282    2955    139     0       
53      92708   0       1665    4513    173     0       
54      141415  0       2370    5518    22      0       
55      113037  0       1938    4505    34      0       
56      84746   0       1449    2796    6       0       
57      68206   0       1141    2601    4       0       
58      130276  0       2193    6568    19      0       
59      108081  0       1945    5267    76      0       
60      72788   0       1379    2847    28      0       
61      105742  0       1819    4627    197     0       
62      88075   0       1349    3446    34      0       
63      72732   0       1231    3058    5       0       
64      66956   0       1162    2521    2       0       
65      74818   0       1356    2794    12      0       
66      48013   0       848     1992    15      0       
67      57662   0       936     2159    24      0       
68      38357   0       528     1483    0       0       
69      13880   0       134     542     2       0       
70      9622    0       90      310     3       0       
71      5601    0       41      133     3       0       
72      7450    0       68      152     22      0       
73      6490    0       56      215     3       0       
74      31669   0       341     1043    398     0       
75      69801   0       1023    2989    19      0       
76      85391   0       1291    3581    89      0       
77      92849   0       1414    3722    48      0       
78      98858   0       1385    3744    22      0       
79      76693   0       854     2548    378     0       
80      63466   0       470     1921    80      0       
81      60306   0       623     1994    32      0       
82      57930   0       652     2645    37      0       
83      57868   0       822     2252    30      0       
84      84381   0       1295    3343    1446    0       
85      54105   0       892     2277    28      0       
86      64264   0       792     2082    55      0       
87      39459   0       404     1286    23      0       
88      20417   0       159     593     0       0       
89      55903   0       849     3512    53      0       
90      29285   0       386     740     49      0       
91      39158   0       561     2967    35      0       
92      80025   0       1327    3272    59      0       
93      57539   0       1052    2563    50      0       
94      44358   0       653     1586    73      0       
95      90989   0       1919    4550    188     0       
96      74637   0       1075    3033    61      0       
97      47947   0       698     1874    12      0       
98      89543   0       1088    3456    9       0       
99      40929   0       483     1757    9       0       
100     62432   0       1003    2809    73      0       
101     45105   0       652     1775    48      0       
102     72499   0       1221    2984    2476    0       
103     44478   0       687     1871    106     0       
104     69367   0       1219    3238    4       0       
105     20521   0       818     2113    8       0       
106     24825   0       286     409     71      0       
107     20121   0       744     1633    101     0       
108     4735    0       22      132     10      0       
109     5350    0       34      201     11      0       
110     5672    0       471     1201    30      0       
111     0       0       0       0       0       0       
112     2933    0       181     63      0       0       
113     8552    0       0       25      1       0       
114     7104    0       254     18      1       0       
115     5809    0       0       25      0       0       
116     7952    0       260     45      0       0       
117     5822    0       1       47      5       0       
118     4663    0       2       47      4       0       
119     87510   0       779     2542    28      0       
120     38219   0       289     1614    0       0       
121     12943   0       42      481     0       0       
122     22689   0       200     1083    16      0       
123     44253   0       387     1740    76      0       
124     27319   0       252     2682    60      0       
125     23901   0       194     838     24      0       
126     42350   0       390     1600    8       0       
127     16880   0       151     782     108     0       
128     9384    0       52      209     76      0       
129     25659   0       240     1174    176     0       
130     11205   0       70      310     108     0       
131     14478   0       125     560     156     0       
132     22562   0       288     1338    1460    0       
133     35611   0       415     924     1279    0       
134     29213   0       462     594     34      0       
135     10456   0       39      305     40      0       
136     9747    0       40      390     20      0       
137     7308    0       18      82      20      0       
138     13858   0       115     350     16      0       
139     9261    0       161     445     0       0       
140     0       0       0       0       0       0       
141     0       0       0       0       0       0       
142     0       0       0       0       0       0       
143     0       0       0       0       0       0       
